<?xml version="1.0" encoding="UTF-8"?>
<testsuite xmlns:xsi="http://www.w3.org/2001/XMLSchema-instance" xsi:schemaLocation="https://maven.apache.org/surefire/maven-surefire-plugin/xsd/surefire-test-report.xsd" name="TestSuite" time="22.172" tests="3" errors="0" skipped="2" failures="1">
  <properties>
[...]
</properties>
  <testcase name="setUp" classname="com.ui.tests.VgCompareFundsTest" time="22.013">
    <failure message="Timed out waiting for driver server to start.&#10;Build info: version: &apos;3.5.3&apos;, revision: &apos;a88d25fe6b&apos;, time: &apos;2017-08-29T12:42:44.417Z&apos;&#10;System info: host: &apos;SPAY000657&apos;, ip: &apos;10.0.75.1&apos;, os.name: &apos;Windows 10&apos;, os.arch: &apos;amd64&apos;, os.version: &apos;10.0&apos;, java.version: &apos;1.8.0_232&apos;&#10;Driver info: driver.version: ChromeDriver" type="org.openqa.selenium.WebDriverException">org.openqa.selenium.WebDriverException: 
Timed out waiting for driver server to start.
Build info: version: '3.5.3', revision: 'a88d25fe6b', time: '2017-08-29T12:42:44.417Z'
System info: host: 'SPAY000657', ip: '10.0.75.1', os.name: 'Windows 10', os.arch: 'amd64', os.version: '10.0', java.version: '1.8.0_232'
Driver info: driver.version: ChromeDriver
	at com.ui.tests.VgCompareFundsTest.setUp(VgCompareFundsTest.java:29)
Caused by: org.openqa.selenium.net.UrlChecker$TimeoutException: Timed out waiting for [http://localhost:48291/status] to be available after 20004 ms
	at com.ui.tests.VgCompareFundsTest.setUp(VgCompareFundsTest.java:29)
Caused by: java.util.concurrent.TimeoutException
	at com.ui.tests.VgCompareFundsTest.setUp(VgCompareFundsTest.java:29)
</failure>
    <system-out><![CDATA[Getting properties from file
Inside chrome driver
]]></system-out>
    <system-err><![CDATA[Feb 24, 2020 1:08:22 AM org.openqa.selenium.os.UnixProcess checkForError
SEVERE: org.apache.commons.exec.ExecuteException: Execution failed (Exit value: -559038737. Caused by java.io.IOException: Cannot run program "C:\Users\smita.patil\Documents\vgassignment\new\qa-browser-parallel\driver\chromedriver.exe" (in directory "."): CreateProcess error=1260, This program is blocked by group policy. For more information, contact your system administrator)
]]></system-err>
  </testcase>
  <testcase name="method2Test" classname="com.ui.tests.VgCompareFundsTest" time="0">
    <skipped message="Timed out waiting for driver server to start.&#10;Build info: version: &apos;3.5.3&apos;, revision: &apos;a88d25fe6b&apos;, time: &apos;2017-08-29T12:42:44.417Z&apos;&#10;System info: host: &apos;SPAY000657&apos;, ip: &apos;10.0.75.1&apos;, os.name: &apos;Windows 10&apos;, os.arch: &apos;amd64&apos;, os.version: &apos;10.0&apos;, java.version: &apos;1.8.0_232&apos;&#10;Driver info: driver.version: ChromeDriver"/>
  </testcase>
  <testcase name="closeDriver" classname="com.ui.tests.VgCompareFundsTest" time="0">
    <skipped/>
  </testcase>
</testsuite>