<?xml version="1.0" encoding="UTF-8"?>
<testng-results skipped="0" failed="0" ignored="0" total="1" passed="1">
  <reporter-output>
  </reporter-output>
  <suite name="Parallel Suite" duration-ms="22937" started-at="2020-02-23T23:46:18Z" finished-at="2020-02-23T23:46:41Z">
    <groups>
    </groups>
    <test name="Smoke" duration-ms="22937" started-at="2020-02-23T23:46:18Z" finished-at="2020-02-23T23:46:41Z">
      <class name="com.ui.tests.VgCompareFundsTest">
        <test-method status="PASS" signature="setUp()[pri:0, instance:com.ui.tests.VgCompareFundsTest@69a3d1d]" name="setUp" is-config="true" duration-ms="9805" started-at="2020-02-23T23:46:18Z" finished-at="2020-02-23T23:46:28Z">
          <reporter-output>
          </reporter-output>
        </test-method> <!-- setUp -->
        <test-method status="PASS" signature="compareFundsTest()[pri:0, instance:com.ui.tests.VgCompareFundsTest@69a3d1d]" name="compareFundsTest" duration-ms="12302" started-at="2020-02-23T23:46:28Z" finished-at="2020-02-23T23:46:40Z">
          <reporter-output>
          </reporter-output>
        </test-method> <!-- compareFundsTest -->
        <test-method status="PASS" signature="closeDriver()[pri:0, instance:com.ui.tests.VgCompareFundsTest@69a3d1d]" name="closeDriver" is-config="true" duration-ms="801" started-at="2020-02-23T23:46:40Z" finished-at="2020-02-23T23:46:41Z">
          <reporter-output>
          </reporter-output>
        </test-method> <!-- closeDriver -->
      </class> <!-- com.ui.tests.VgCompareFundsTest -->
    </test> <!-- Smoke -->
  </suite> <!-- Parallel Suite -->
</testng-results>
